<?xml version="1.0" encoding="UTF-8"?>
<!-- Generated by org.testng.reporters.JUnitXMLReporter -->
<testsuite ignored="0" hostname="DESKTOP-4Q05UBU" failures="1" tests="4" name="Login test" time="10.627" errors="0" timestamp="2023-04-11T11:29:51 EEST">
  <testcase classname="tests.LoginTest" name="testLoginScenarious" time="0.315"/>
  <testcase classname="tests.LoginTest" name="testLoginScenarious" time="0.189"/>
  <testcase classname="tests.LoginTest" name="testLoginScenarious" time="0.175">
    <failure type="java.lang.AssertionError" message="User is not taken the right page after login expected [true] but found [false]">
      <![CDATA[java.lang.AssertionError: User is not taken the right page after login expected [true] but found [false]
at tests.LoginTest.testLoginScenarious(LoginTest.java:19)
at java.base/java.util.ArrayList.forEach(ArrayList.java:1511)
at com.intellij.rt.testng.IDEARemoteTestNG.run(IDEARemoteTestNG.java:66)
at com.intellij.rt.testng.RemoteTestNGStarter.main(RemoteTestNGStarter.java:109)
... Removed 25 stack frames]]>
    </failure>
  </testcase> <!-- testLoginScenarious -->
  <testcase classname="tests.LoginTest" name="testLoginScenarious" time="5.298"/>
</testsuite> <!-- Login test -->
